
> @workspace/api-server@0.0.0 dev C:\Users\user\Downloads\African-Vision-Design-main (2)\African-Vision-Design-main\artifacts\api-server
> pnpm run build && pnpm run start


> @workspace/api-server@0.0.0 build C:\Users\user\Downloads\African-Vision-Design-main (2)\African-Vision-Design-main\artifacts\api-server
> node ./build.mjs


> @workspace/api-server@0.0.0 start C:\Users\user\Downloads\African-Vision-Design-main (2)\African-Vision-Design-main\artifacts\api-server
> node --enable-source-maps ./dist/index.mjs

[16:40:06.127] [32mINFO[39m (14088): [36mServer listening[39m
    [35mport[39m: 8080
[16:40:08.682] [32mINFO[39m (14088): [36mTeam roster reconciled[39m
    [35mcount[39m: 8
{ autoExpandLists: undefined, stripeApiVersion: undefined } StripeSync initialized
[16:40:09.442] [32mINFO[39m (14088): [36mStripe schema ready[39m
[16:40:09.465] [33mWARN[39m (14088): [36mREPLIT_DOMAINS not set; skipping managed webhook setup[39m
[16:40:10.023] [32mINFO[39m (14088): [36mrequest completed[39m
    [35mreq[39m: {
      "id": 1,
      "method": "GET",
      "url": "/api/donations/summary"
    }
    [35mres[39m: {
      "statusCode": 200
    }
    [35mresponseTime[39m: 259
[16:40:11.422] [31mERROR[39m (14088): [36mStripe initialization failed; Stripe donations may not record until resolved[39m
    err: {
      "type": "Error",
      "message": "Failed to retrieve Stripe account. Please ensure API key is valid.",
      "stack":
          Error: Failed to retrieve Stripe account. Please ensure API key is valid.
              at StripeSync.getAccountId (file:///C:/Users/user/Downloads/African-Vision-Design-main%20(2)/African-Vision-Design-main/node_modules/.pnpm/stripe-replit-sync@1.0.0_stripe@22.2.0_@types+node@25.6.2_/node_modules/stripe-replit-sync/dist/index.js:599:13)
              at process.processTicksAndRejections (node:internal/process/task_queues:103:5)
              at async StripeSync.getCurrentAccount (file:///C:/Users/user/Downloads/African-Vision-Design-main%20(2)/African-Vision-Design-main/node_modules/.pnpm/stripe-replit-sync@1.0.0_stripe@22.2.0_@types+node@25.6.2_/node_modules/stripe-replit-sync/dist/index.js:632:5)
              at async StripeSync.syncBackfill (file:///C:/Users/user/Downloads/African-Vision-Design-main%20(2)/African-Vision-Design-main/node_modules/.pnpm/stripe-replit-sync@1.0.0_stripe@22.2.0_@types+node@25.6.2_/node_modules/stripe-replit-sync/dist/index.js:1160:5)
              at async initStripe (C:\Users\user\Downloads\African-Vision-Design-main (2)\African-Vision-Design-main\artifacts\api-server\src\index.ts:54:3)
    }
[16:40:16.258] [32mINFO[39m (14088): [36mrequest completed[39m
    [35mreq[39m: {
      "id": 2,
      "method": "GET",
      "url": "/api/donations/summary"
    }
    [35mres[39m: {
      "statusCode": 304
    }
    [35mresponseTime[39m: 211
[16:40:22.495] [32mINFO[39m (14088): [36mrequest completed[39m
    [35mreq[39m: {
      "id": 3,
      "method": "GET",
      "url": "/api/donations/summary"
    }
    [35mres[39m: {
      "statusCode": 304
    }
    [35mresponseTime[39m: 206
[16:40:28.738] [32mINFO[39m (14088): [36mrequest completed[39m
    [35mreq[39m: {
      "id": 4,
      "method": "GET",
      "url": "/api/donations/summary"
    }
    [35mres[39m: {
      "statusCode": 304
    }
    [35mresponseTime[39m: 222
[16:40:34.970] [32mINFO[39m (14088): [36mrequest completed[39m
    [35mreq[39m: {
      "id": 5,
      "method": "GET",
      "url": "/api/donations/summary"
    }
    [35mres[39m: {
      "statusCode": 304
    }
    [35mresponseTime[39m: 211
[16:40:41.189] [32mINFO[39m (14088): [36mrequest completed[39m
    [35mreq[39m: {
      "id": 6,
      "method": "GET",
      "url": "/api/donations/summary"
    }
    [35mres[39m: {
      "statusCode": 304
    }
    [35mresponseTime[39m: 198
[16:40:47.402] [32mINFO[39m (14088): [36mrequest completed[39m
    [35mreq[39m: {
      "id": 7,
      "method": "GET",
      "url": "/api/donations/summary"
    }
    [35mres[39m: {
      "statusCode": 304
    }
    [35mresponseTime[39m: 202
[16:40:53.624] [32mINFO[39m (14088): [36mrequest completed[39m
    [35mreq[39m: {
      "id": 8,
      "method": "GET",
      "url": "/api/donations/summary"
    }
    [35mres[39m: {
      "statusCode": 304
    }
    [35mresponseTime[39m: 206
[16:40:59.852] [32mINFO[39m (14088): [36mrequest completed[39m
    [35mreq[39m: {
      "id": 9,
      "method": "GET",
      "url": "/api/donations/summary"
    }
    [35mres[39m: {
      "statusCode": 304
    }
    [35mresponseTime[39m: 215
[16:41:06.082] [32mINFO[39m (14088): [36mrequest completed[39m
    [35mreq[39m: {
      "id": 10,
      "method": "GET",
      "url": "/api/donations/summary"
    }
    [35mres[39m: {
      "statusCode": 304
    }
    [35mresponseTime[39m: 214
[16:41:12.297] [32mINFO[39m (14088): [36mrequest completed[39m
    [35mreq[39m: {
      "id": 11,
      "method": "GET",
      "url": "/api/donations/summary"
    }
    [35mres[39m: {
      "statusCode": 304
    }
    [35mresponseTime[39m: 206
[16:41:18.527] [32mINFO[39m (14088): [36mrequest completed[39m
    [35mreq[39m: {
      "id": 12,
      "method": "GET",
      "url": "/api/donations/summary"
    }
    [35mres[39m: {
      "statusCode": 304
    }
    [35mresponseTime[39m: 197
[16:41:24.746] [32mINFO[39m (14088): [36mrequest completed[39m
    [35mreq[39m: {
      "id": 13,
      "method": "GET",
      "url": "/api/donations/summary"
    }
    [35mres[39m: {
      "statusCode": 304
    }
    [35mresponseTime[39m: 201
[16:41:26.110] [32mINFO[39m (14088): [36mrequest completed[39m
    [35mreq[39m: {
      "id": 14,
      "method": "GET",
      "url": "/api/projects"
    }
    [35mres[39m: {
      "statusCode": 200
    }
    [35mresponseTime[39m: 211
[16:41:27.231] [32mINFO[39m (14088): [36mrequest completed[39m
    [35mreq[39m: {
      "id": 15,
      "method": "GET",
      "url": "/api/donations/summary"
    }
    [35mres[39m: {
      "statusCode": 304
    }
    [35mresponseTime[39m: 1330
[16:41:33.526] [32mINFO[39m (14088): [36mrequest completed[39m
    [35mreq[39m: {
      "id": 16,
      "method": "GET",
      "url": "/api/donations/summary"
    }
    [35mres[39m: {
      "statusCode": 304
    }
    [35mresponseTime[39m: 281
[16:41:39.746] [32mINFO[39m (14088): [36mrequest completed[39m
    [35mreq[39m: {
      "id": 17,
      "method": "GET",
      "url": "/api/donations/summary"
    }
    [35mres[39m: {
      "statusCode": 304
    }
    [35mresponseTime[39m: 203
[16:41:45.972] [32mINFO[39m (14088): [36mrequest completed[39m
    [35mreq[39m: {
      "id": 18,
      "method": "GET",
      "url": "/api/donations/summary"
    }
    [35mres[39m: {
      "statusCode": 304
    }
    [35mresponseTime[39m: 214
[16:41:52.185] [32mINFO[39m (14088): [36mrequest completed[39m
    [35mreq[39m: {
      "id": 19,
      "method": "GET",
      "url": "/api/donations/summary"
    }
    [35mres[39m: {
      "statusCode": 304
    }
    [35mresponseTime[39m: 189
[16:41:58.401] [32mINFO[39m (14088): [36mrequest completed[39m
    [35mreq[39m: {
      "id": 20,
      "method": "GET",
      "url": "/api/donations/summary"
    }
    [35mres[39m: {
      "statusCode": 304
    }
    [35mresponseTime[39m: 192
[16:42:04.630] [32mINFO[39m (14088): [36mrequest completed[39m
    [35mreq[39m: {
      "id": 21,
      "method": "GET",
      "url": "/api/donations/summary"
    }
    [35mres[39m: {
      "statusCode": 304
    }
    [35mresponseTime[39m: 209
[16:42:10.844] [32mINFO[39m (14088): [36mrequest completed[39m
    [35mreq[39m: {
      "id": 22,
      "method": "GET",
      "url": "/api/donations/summary"
    }
    [35mres[39m: {
      "statusCode": 304
    }
    [35mresponseTime[39m: 190
[16:42:17.084] [32mINFO[39m (14088): [36mrequest completed[39m
    [35mreq[39m: {
      "id": 23,
      "method": "GET",
      "url": "/api/donations/summary"
    }
    [35mres[39m: {
      "statusCode": 304
    }
    [35mresponseTime[39m: 212
[16:42:23.319] [32mINFO[39m (14088): [36mrequest completed[39m
    [35mreq[39m: {
      "id": 24,
      "method": "GET",
      "url": "/api/donations/summary"
    }
    [35mres[39m: {
      "statusCode": 304
    }
    [35mresponseTime[39m: 217
[16:42:29.521] [32mINFO[39m (14088): [36mrequest completed[39m
    [35mreq[39m: {
      "id": 25,
      "method": "GET",
      "url": "/api/donations/summary"
    }
    [35mres[39m: {
      "statusCode": 304
    }
    [35mresponseTime[39m: 189
[16:42:35.732] [32mINFO[39m (14088): [36mrequest completed[39m
    [35mreq[39m: {
      "id": 26,
      "method": "GET",
      "url": "/api/donations/summary"
    }
    [35mres[39m: {
      "statusCode": 304
    }
    [35mresponseTime[39m: 198
[16:42:41.963] [32mINFO[39m (14088): [36mrequest completed[39m
    [35mreq[39m: {
      "id": 27,
      "method": "GET",
      "url": "/api/donations/summary"
    }
    [35mres[39m: {
      "statusCode": 304
    }
    [35mresponseTime[39m: 208
[16:42:48.200] [32mINFO[39m (14088): [36mrequest completed[39m
    [35mreq[39m: {
      "id": 28,
      "method": "GET",
      "url": "/api/donations/summary"
    }
    [35mres[39m: {
      "statusCode": 304
    }
    [35mresponseTime[39m: 220
[16:42:54.745] [32mINFO[39m (14088): [36mrequest completed[39m
    [35mreq[39m: {
      "id": 29,
      "method": "GET",
      "url": "/api/donations/summary"
    }
    [35mres[39m: {
      "statusCode": 304
    }
    [35mresponseTime[39m: 532
[16:43:00.987] [32mINFO[39m (14088): [36mrequest completed[39m
    [35mreq[39m: {
      "id": 30,
      "method": "GET",
      "url": "/api/donations/summary"
    }
    [35mres[39m: {
      "statusCode": 304
    }
    [35mresponseTime[39m: 221
[16:43:07.226] [32mINFO[39m (14088): [36mrequest completed[39m
    [35mreq[39m: {
      "id": 31,
      "method": "GET",
      "url": "/api/donations/summary"
    }
    [35mres[39m: {
      "statusCode": 304
    }
    [35mresponseTime[39m: 226
[16:43:13.439] [32mINFO[39m (14088): [36mrequest completed[39m
    [35mreq[39m: {
      "id": 32,
      "method": "GET",
      "url": "/api/donations/summary"
    }
    [35mres[39m: {
      "statusCode": 304
    }
    [35mresponseTime[39m: 183
[16:43:19.662] [32mINFO[39m (14088): [36mrequest completed[39m
    [35mreq[39m: {
      "id": 33,
      "method": "GET",
      "url": "/api/donations/summary"
    }
    [35mres[39m: {
      "statusCode": 304
    }
    [35mresponseTime[39m: 196
[16:43:21.026] [32mINFO[39m (14088): [36mrequest completed[39m
    [35mreq[39m: {
      "id": 34,
      "method": "POST",
      "url": "/api/donations/checkout"
    }
    [35mres[39m: {
      "statusCode": 200
    }
    [35mresponseTime[39m: 1080
[16:44:30.580] [32mINFO[39m (14088): [36mrequest completed[39m
    [35mreq[39m: {
      "id": 35,
      "method": "GET",
      "url": "/api/projects"
    }
    [35mres[39m: {
      "statusCode": 304
    }
    [35mresponseTime[39m: 1652
[16:44:30.670] [32mINFO[39m (14088): [36mrequest completed[39m
    [35mreq[39m: {
      "id": 36,
      "method": "GET",
      "url": "/api/donations/summary"
    }
    [35mres[39m: {
      "statusCode": 304
    }
    [35mresponseTime[39m: 1741
[16:44:36.912] [32mINFO[39m (14088): [36mrequest completed[39m
    [35mreq[39m: {
      "id": 37,
      "method": "GET",
      "url": "/api/donations/summary"
    }
    [35mres[39m: {
      "statusCode": 304
    }
    [35mresponseTime[39m: 213
[16:44:43.118] [32mINFO[39m (14088): [36mrequest completed[39m
    [35mreq[39m: {
      "id": 38,
      "method": "GET",
      "url": "/api/donations/summary"
    }
    [35mres[39m: {
      "statusCode": 304
    }
    [35mresponseTime[39m: 193
[16:44:49.327] [32mINFO[39m (14088): [36mrequest completed[39m
    [35mreq[39m: {
      "id": 39,
      "method": "GET",
      "url": "/api/donations/summary"
    }
    [35mres[39m: {
      "statusCode": 304
    }
    [35mresponseTime[39m: 198
[16:44:55.563] [32mINFO[39m (14088): [36mrequest completed[39m
    [35mreq[39m: {
      "id": 40,
      "method": "GET",
      "url": "/api/donations/summary"
    }
    [35mres[39m: {
      "statusCode": 304
    }
    [35mresponseTime[39m: 206
[16:45:01.788] [32mINFO[39m (14088): [36mrequest completed[39m
    [35mreq[39m: {
      "id": 41,
      "method": "GET",
      "url": "/api/donations/summary"
    }
    [35mres[39m: {
      "statusCode": 304
    }
    [35mresponseTime[39m: 197
[16:45:08.044] [32mINFO[39m (14088): [36mrequest completed[39m
    [35mreq[39m: {
      "id": 42,
      "method": "GET",
      "url": "/api/donations/summary"
    }
    [35mres[39m: {
      "statusCode": 304
    }
    [35mresponseTime[39m: 222
[16:45:14.358] [32mINFO[39m (14088): [36mrequest completed[39m
    [35mreq[39m: {
      "id": 43,
      "method": "GET",
      "url": "/api/donations/summary"
    }
    [35mres[39m: {
      "statusCode": 304
    }
    [35mresponseTime[39m: 287
[16:45:20.589] [32mINFO[39m (14088): [36mrequest completed[39m
    [35mreq[39m: {
      "id": 44,
      "method": "GET",
      "url": "/api/donations/summary"
    }
    [35mres[39m: {
      "statusCode": 304
    }
    [35mresponseTime[39m: 195
[16:45:26.930] [32mINFO[39m (14088): [36mrequest completed[39m
    [35mreq[39m: {
      "id": 45,
      "method": "GET",
      "url": "/api/donations/summary"
    }
    [35mres[39m: {
      "statusCode": 304
    }
    [35mresponseTime[39m: 309
[16:45:33.167] [32mINFO[39m (14088): [36mrequest completed[39m
    [35mreq[39m: {
      "id": 46,
      "method": "GET",
      "url": "/api/donations/summary"
    }
    [35mres[39m: {
      "statusCode": 304
    }
    [35mresponseTime[39m: 208
[16:45:39.515] [32mINFO[39m (14088): [36mrequest completed[39m
    [35mreq[39m: {
      "id": 47,
      "method": "GET",
      "url": "/api/donations/summary"
    }
    [35mres[39m: {
      "statusCode": 304
    }
    [35mresponseTime[39m: 319
[16:45:45.764] [32mINFO[39m (14088): [36mrequest completed[39m
    [35mreq[39m: {
      "id": 48,
      "method": "GET",
      "url": "/api/donations/summary"
    }
    [35mres[39m: {
      "statusCode": 304
    }
    [35mresponseTime[39m: 227
[16:45:52.014] [32mINFO[39m (14088): [36mrequest completed[39m
    [35mreq[39m: {
      "id": 49,
      "method": "GET",
      "url": "/api/donations/summary"
    }
    [35mres[39m: {
      "statusCode": 304
    }
    [35mresponseTime[39m: 230
[16:45:58.357] [32mINFO[39m (14088): [36mrequest completed[39m
    [35mreq[39m: {
      "id": 50,
      "method": "GET",
      "url": "/api/donations/summary"
    }
    [35mres[39m: {
      "statusCode": 304
    }
    [35mresponseTime[39m: 314
[16:46:04.615] [32mINFO[39m (14088): [36mrequest completed[39m
    [35mreq[39m: {
      "id": 51,
      "method": "GET",
      "url": "/api/donations/summary"
    }
    [35mres[39m: {
      "statusCode": 304
    }
    [35mresponseTime[39m: 230
[16:46:10.965] [32mINFO[39m (14088): [36mrequest completed[39m
    [35mreq[39m: {
      "id": 52,
      "method": "GET",
      "url": "/api/donations/summary"
    }
    [35mres[39m: {
      "statusCode": 304
    }
    [35mresponseTime[39m: 319
[16:46:15.253] [32mINFO[39m (14088): [36mrequest completed[39m
    [35mreq[39m: {
      "id": 53,
      "method": "POST",
      "url": "/api/donations/checkout"
    }
    [35mres[39m: {
      "statusCode": 200
    }
    [35mresponseTime[39m: 1202
[16:46:17.297] [32mINFO[39m (14088): [36mrequest completed[39m
    [35mreq[39m: {
      "id": 54,
      "method": "GET",
      "url": "/api/donations/summary"
    }
    [35mres[39m: {
      "statusCode": 304
    }
    [35mresponseTime[39m: 307
[16:46:23.544] [32mINFO[39m (14088): [36mrequest completed[39m
    [35mreq[39m: {
      "id": 55,
      "method": "GET",
      "url": "/api/donations/summary"
    }
    [35mres[39m: {
      "statusCode": 304
    }
    [35mresponseTime[39m: 216
[16:46:27.553] [32mINFO[39m (14088): [36mrequest completed[39m
    [35mreq[39m: {
      "id": 56,
      "method": "POST",
      "url": "/api/donations/checkout"
    }
    [35mres[39m: {
      "statusCode": 200
    }
    [35mresponseTime[39m: 629
[16:46:29.782] [32mINFO[39m (14088): [36mrequest completed[39m
    [35mreq[39m: {
      "id": 57,
      "method": "GET",
      "url": "/api/donations/summary"
    }
    [35mres[39m: {
      "statusCode": 304
    }
    [35mresponseTime[39m: 208
[16:46:36.141] [32mINFO[39m (14088): [36mrequest completed[39m
    [35mreq[39m: {
      "id": 58,
      "method": "GET",
      "url": "/api/donations/summary"
    }
    [35mres[39m: {
      "statusCode": 304
    }
    [35mresponseTime[39m: 316
[16:49:30.954] [32mINFO[39m (14088): [36mrequest completed[39m
    [35mreq[39m: {
      "id": 62,
      "method": "GET",
      "url": "/api/partners"
    }
    [35mres[39m: {
      "statusCode": 200
    }
    [35mresponseTime[39m: 1817
[16:49:30.958] [32mINFO[39m (14088): [36mrequest completed[39m
    [35mreq[39m: {
      "id": 60,
      "method": "GET",
      "url": "/api/donations/summary"
    }
    [35mres[39m: {
      "statusCode": 304
    }
    [35mresponseTime[39m: 1830
[16:49:30.971] [32mINFO[39m (14088): [36mrequest completed[39m
    [35mreq[39m: {
      "id": 61,
      "method": "GET",
      "url": "/api/events/recent"
    }
    [35mres[39m: {
      "statusCode": 200
    }
    [35mresponseTime[39m: 1841
[16:49:30.973] [32mINFO[39m (14088): [36mrequest completed[39m
    [35mreq[39m: {
      "id": 63,
      "method": "GET",
      "url": "/api/projects"
    }
    [35mres[39m: {
      "statusCode": 200
    }
    [35mresponseTime[39m: 1834
[16:49:30.975] [32mINFO[39m (14088): [36mrequest completed[39m
    [35mreq[39m: {
      "id": 59,
      "method": "GET",
      "url": "/api/impact"
    }
    [35mres[39m: {
      "statusCode": 200
    }
    [35mresponseTime[39m: 1862
[16:49:32.882] [32mINFO[39m (14088): [36mrequest completed[39m
    [35mreq[39m: {
      "id": 64,
      "method": "GET",
      "url": "/api/events"
    }
    [35mres[39m: {
      "statusCode": 200
    }
    [35mresponseTime[39m: 214
[16:49:32.886] [32mINFO[39m (14088): [36mrequest completed[39m
    [35mreq[39m: {
      "id": 65,
      "method": "GET",
      "url": "/api/blog"
    }
    [35mres[39m: {
      "statusCode": 200
    }
    [35mresponseTime[39m: 214
[16:50:10.361] [32mINFO[39m (14088): [36mrequest completed[39m
    [35mreq[39m: {
      "id": 66,
      "method": "GET",
      "url": "/api/events/34"
    }
    [35mres[39m: {
      "statusCode": 200
    }
    [35mresponseTime[39m: 1619
[16:50:27.771] [32mINFO[39m (14088): [36mrequest completed[39m
    [35mreq[39m: {
      "id": 67,
      "method": "GET",
      "url": "/api/events"
    }
    [35mres[39m: {
      "statusCode": 304
    }
    [35mresponseTime[39m: 1573
[16:50:27.776] [32mINFO[39m (14088): [36mrequest completed[39m
    [35mreq[39m: {
      "id": 68,
      "method": "GET",
      "url": "/api/blog"
    }
    [35mres[39m: {
      "statusCode": 304
    }
    [35mresponseTime[39m: 1571
[17:12:17.978] [32mINFO[39m (14088): [36mrequest completed[39m
    [35mreq[39m: {
      "id": 69,
      "method": "GET",
      "url": "/api/team"
    }
    [35mres[39m: {
      "statusCode": 200
    }
    [35mresponseTime[39m: 1411
[17:12:18.019] [32mINFO[39m (14088): [36mrequest completed[39m
    [35mreq[39m: {
      "id": 71,
      "method": "GET",
      "url": "/api/blog"
    }
    [35mres[39m: {
      "statusCode": 304
    }
    [35mresponseTime[39m: 1425
[17:12:18.086] [32mINFO[39m (14088): [36mrequest completed[39m
    [35mreq[39m: {
      "id": 70,
      "method": "GET",
      "url": "/api/events"
    }
    [35mres[39m: {
      "statusCode": 304
    }
    [35mresponseTime[39m: 1494
[17:12:18.145] [32mINFO[39m (14088): [36mrequest completed[39m
    [35mreq[39m: {
      "id": 73,
      "method": "GET",
      "url": "/api/donations/summary"
    }
    [35mres[39m: {
      "statusCode": 200
    }
    [35mresponseTime[39m: 1374
[17:12:18.185] [32mINFO[39m (14088): [36mrequest completed[39m
    [35mreq[39m: {
      "id": 72,
      "method": "GET",
      "url": "/api/projects"
    }
    [35mres[39m: {
      "statusCode": 200
    }
    [35mresponseTime[39m: 1418
[17:12:18.217] [32mINFO[39m (14088): [36mrequest completed[39m
    [35mreq[39m: {
      "id": 74,
      "method": "GET",
      "url": "/api/blog"
    }
    [35mres[39m: {
      "statusCode": 304
    }
    [35mresponseTime[39m: 195
[17:12:18.301] [32mINFO[39m (14088): [36mrequest completed[39m
    [35mreq[39m: {
      "id": 75,
      "method": "GET",
      "url": "/api/events"
    }
    [35mres[39m: {
      "statusCode": 304
    }
    [35mresponseTime[39m: 210
[17:57:22.065] [32mINFO[39m (14088): [36mrequest completed[39m
    [35mreq[39m: {
      "id": 76,
      "method": "POST",
      "url": "/api/donations/checkout"
    }
    [35mres[39m: {
      "statusCode": 200
    }
    [35mresponseTime[39m: 1266
[17:57:49.990] [32mINFO[39m (14088): [36mrequest completed[39m
    [35mreq[39m: {
      "id": 77,
      "method": "POST",
      "url": "/api/donations/checkout"
    }
    [35mres[39m: {
      "statusCode": 200
    }
    [35mresponseTime[39m: 847
[07:25:54.949] [32mINFO[39m (14088): [36mrequest completed[39m
    [35mreq[39m: {
      "id": 78,
      "method": "POST",
      "url": "/api/donations/checkout"
    }
    [35mres[39m: {
      "statusCode": 200
    }
    [35mresponseTime[39m: 1539
[07:26:20.844] [32mINFO[39m (14088): [36mrequest completed[39m
    [35mreq[39m: {
      "id": 79,
      "method": "POST",
      "url": "/api/donations/checkout"
    }
    [35mres[39m: {
      "statusCode": 200
    }
    [35mresponseTime[39m: 730
[08:01:47.167] [32mINFO[39m (14088): [36mrequest completed[39m
    [35mreq[39m: {
      "id": 81,
      "method": "GET",
      "url": "/api/blog"
    }
    [35mres[39m: {
      "statusCode": 304
    }
    [35mresponseTime[39m: 2017
[08:01:47.169] [32mINFO[39m (14088): [36mrequest completed[39m
    [35mreq[39m: {
      "id": 80,
      "method": "GET",
      "url": "/api/events"
    }
    [35mres[39m: {
      "statusCode": 304
    }
    [35mresponseTime[39m: 2029
[08:02:32.941] [32mINFO[39m (14088): [36mrequest completed[39m
    [35mreq[39m: {
      "id": 86,
      "method": "GET",
      "url": "/api/projects"
    }
    [35mres[39m: {
      "statusCode": 304
    }
    [35mresponseTime[39m: 1481
[08:02:32.945] [32mINFO[39m (14088): [36mrequest completed[39m
    [35mreq[39m: {
      "id": 85,
      "method": "GET",
      "url": "/api/partners"
    }
    [35mres[39m: {
      "statusCode": 304
    }
    [35mresponseTime[39m: 1489
[08:02:32.949] [32mINFO[39m (14088): [36mrequest completed[39m
    [35mreq[39m: {
      "id": 84,
      "method": "GET",
      "url": "/api/events/recent"
    }
    [35mres[39m: {
      "statusCode": 304
    }
    [35mresponseTime[39m: 1495
[08:02:32.953] [32mINFO[39m (14088): [36mrequest completed[39m
    [35mreq[39m: {
      "id": 83,
      "method": "GET",
      "url": "/api/donations/summary"
    }
    [35mres[39m: {
      "statusCode": 304
    }
    [35mresponseTime[39m: 1506
[08:02:33.153] [32mINFO[39m (14088): [36mrequest completed[39m
    [35mreq[39m: {
      "id": 82,
      "method": "GET",
      "url": "/api/impact"
    }
    [35mres[39m: {
      "statusCode": 304
    }
    [35mresponseTime[39m: 1718
[08:02:39.492] [32mINFO[39m (14088): [36mrequest completed[39m
    [35mreq[39m: {
      "id": 87,
      "method": "GET",
      "url": "/api/donations/summary"
    }
    [35mres[39m: {
      "statusCode": 304
    }
    [35mresponseTime[39m: 244
[08:02:48.317] [32mINFO[39m (14088): [36mrequest completed[39m
    [35mreq[39m: {
      "id": 88,
      "method": "GET",
      "url": "/api/donations/summary"
    }
    [35mres[39m: {
      "statusCode": 304
    }
    [35mresponseTime[39m: 2800
[08:02:54.545] [32mINFO[39m (14088): [36mrequest completed[39m
    [35mreq[39m: {
      "id": 89,
      "method": "GET",
      "url": "/api/donations/summary"
    }
    [35mres[39m: {
      "statusCode": 304
    }
    [35mresponseTime[39m: 198
[08:03:00.792] [32mINFO[39m (14088): [36mrequest completed[39m
    [35mreq[39m: {
      "id": 90,
      "method": "GET",
      "url": "/api/donations/summary"
    }
    [35mres[39m: {
      "statusCode": 304
    }
    [35mresponseTime[39m: 229
[08:03:07.140] [32mINFO[39m (14088): [36mrequest completed[39m
    [35mreq[39m: {
      "id": 91,
      "method": "GET",
      "url": "/api/donations/summary"
    }
    [35mres[39m: {
      "statusCode": 304
    }
    [35mresponseTime[39m: 313
[08:03:13.389] [32mINFO[39m (14088): [36mrequest completed[39m
    [35mreq[39m: {
      "id": 92,
      "method": "GET",
      "url": "/api/donations/summary"
    }
    [35mres[39m: {
      "statusCode": 304
    }
    [35mresponseTime[39m: 225
[08:03:19.633] [32mINFO[39m (14088): [36mrequest completed[39m
    [35mreq[39m: {
      "id": 93,
      "method": "GET",
      "url": "/api/donations/summary"
    }
    [35mres[39m: {
      "statusCode": 304
    }
    [35mresponseTime[39m: 214
[08:03:25.880] [32mINFO[39m (14088): [36mrequest completed[39m
    [35mreq[39m: {
      "id": 94,
      "method": "GET",
      "url": "/api/donations/summary"
    }
    [35mres[39m: {
      "statusCode": 304
    }
    [35mresponseTime[39m: 226
[08:03:32.101] [32mINFO[39m (14088): [36mrequest completed[39m
    [35mreq[39m: {
      "id": 95,
      "method": "GET",
      "url": "/api/donations/summary"
    }
    [35mres[39m: {
      "statusCode": 304
    }
    [35mresponseTime[39m: 192
[08:03:38.475] [32mINFO[39m (14088): [36mrequest completed[39m
    [35mreq[39m: {
      "id": 96,
      "method": "GET",
      "url": "/api/donations/summary"
    }
    [35mres[39m: {
      "statusCode": 304
    }
    [35mresponseTime[39m: 272
[08:03:44.721] [32mINFO[39m (14088): [36mrequest completed[39m
    [35mreq[39m: {
      "id": 97,
      "method": "GET",
      "url": "/api/donations/summary"
    }
    [35mres[39m: {
      "statusCode": 304
    }
    [35mresponseTime[39m: 229
[08:03:50.968] [32mINFO[39m (14088): [36mrequest completed[39m
    [35mreq[39m: {
      "id": 98,
      "method": "GET",
      "url": "/api/donations/summary"
    }
    [35mres[39m: {
      "statusCode": 304
    }
    [35mresponseTime[39m: 227
[08:03:57.216] [32mINFO[39m (14088): [36mrequest completed[39m
    [35mreq[39m: {
      "id": 99,
      "method": "GET",
      "url": "/api/donations/summary"
    }
    [35mres[39m: {
      "statusCode": 304
    }
    [35mresponseTime[39m: 212
[08:04:03.566] [32mINFO[39m (14088): [36mrequest completed[39m
    [35mreq[39m: {
      "id": 100,
      "method": "GET",
      "url": "/api/donations/summary"
    }
    [35mres[39m: {
      "statusCode": 304
    }
    [35mresponseTime[39m: 328
[08:04:09.913] [32mINFO[39m (14088): [36mrequest completed[39m
    [35mreq[39m: {
      "id": 101,
      "method": "GET",
      "url": "/api/donations/summary"
    }
    [35mres[39m: {
      "statusCode": 304
    }
    [35mresponseTime[39m: 318
[08:04:16.157] [32mINFO[39m (14088): [36mrequest completed[39m
    [35mreq[39m: {
      "id": 102,
      "method": "GET",
      "url": "/api/donations/summary"
    }
    [35mres[39m: {
      "statusCode": 304
    }
    [35mresponseTime[39m: 219
[08:04:22.403] [32mINFO[39m (14088): [36mrequest completed[39m
    [35mreq[39m: {
      "id": 103,
      "method": "GET",
      "url": "/api/donations/summary"
    }
    [35mres[39m: {
      "statusCode": 304
    }
    [35mresponseTime[39m: 220
[08:04:28.854] [32mINFO[39m (14088): [36mrequest completed[39m
    [35mreq[39m: {
      "id": 104,
      "method": "GET",
      "url": "/api/donations/summary"
    }
    [35mres[39m: {
      "statusCode": 304
    }
    [35mresponseTime[39m: 401
[08:04:35.100] [32mINFO[39m (14088): [36mrequest completed[39m
    [35mreq[39m: {
      "id": 105,
      "method": "GET",
      "url": "/api/donations/summary"
    }
    [35mres[39m: {
      "statusCode": 304
    }
    [35mresponseTime[39m: 214
[08:04:41.496] [32mINFO[39m (14088): [36mrequest completed[39m
    [35mreq[39m: {
      "id": 106,
      "method": "GET",
      "url": "/api/donations/summary"
    }
    [35mres[39m: {
      "statusCode": 304
    }
    [35mresponseTime[39m: 374
[08:04:47.778] [32mINFO[39m (14088): [36mrequest completed[39m
    [35mreq[39m: {
      "id": 107,
      "method": "GET",
      "url": "/api/donations/summary"
    }
    [35mres[39m: {
      "statusCode": 304
    }
    [35mresponseTime[39m: 240
[08:04:54.045] [32mINFO[39m (14088): [36mrequest completed[39m
    [35mreq[39m: {
      "id": 108,
      "method": "GET",
      "url": "/api/donations/summary"
    }
    [35mres[39m: {
      "statusCode": 304
    }
    [35mresponseTime[39m: 232
[08:05:00.292] [32mINFO[39m (14088): [36mrequest completed[39m
    [35mreq[39m: {
      "id": 109,
      "method": "GET",
      "url": "/api/donations/summary"
    }
    [35mres[39m: {
      "statusCode": 304
    }
    [35mresponseTime[39m: 218
[08:05:06.538] [32mINFO[39m (14088): [36mrequest completed[39m
    [35mreq[39m: {
      "id": 110,
      "method": "GET",
      "url": "/api/donations/summary"
    }
    [35mres[39m: {
      "statusCode": 304
    }
    [35mresponseTime[39m: 200
[08:05:12.786] [32mINFO[39m (14088): [36mrequest completed[39m
    [35mreq[39m: {
      "id": 111,
      "method": "GET",
      "url": "/api/donations/summary"
    }
    [35mres[39m: {
      "statusCode": 304
    }
    [35mresponseTime[39m: 217
[08:05:19.134] [32mINFO[39m (14088): [36mrequest completed[39m
    [35mreq[39m: {
      "id": 112,
      "method": "GET",
      "url": "/api/donations/summary"
    }
    [35mres[39m: {
      "statusCode": 304
    }
    [35mresponseTime[39m: 296
[08:05:25.380] [32mINFO[39m (14088): [36mrequest completed[39m
    [35mreq[39m: {
      "id": 113,
      "method": "GET",
      "url": "/api/donations/summary"
    }
    [35mres[39m: {
      "statusCode": 304
    }
    [35mresponseTime[39m: 220
[08:05:31.628] [32mINFO[39m (14088): [36mrequest completed[39m
    [35mreq[39m: {
      "id": 114,
      "method": "GET",
      "url": "/api/donations/summary"
    }
    [35mres[39m: {
      "statusCode": 304
    }
    [35mresponseTime[39m: 229
[08:05:38.081] [32mINFO[39m (14088): [36mrequest completed[39m
    [35mreq[39m: {
      "id": 115,
      "method": "GET",
      "url": "/api/donations/summary"
    }
    [35mres[39m: {
      "statusCode": 304
    }
    [35mresponseTime[39m: 391
[08:05:44.324] [32mINFO[39m (14088): [36mrequest completed[39m
    [35mreq[39m: {
      "id": 116,
      "method": "GET",
      "url": "/api/donations/summary"
    }
    [35mres[39m: {
      "statusCode": 304
    }
    [35mresponseTime[39m: 216
[08:06:12.486] [32mINFO[39m (14088): [36mrequest completed[39m
    [35mreq[39m: {
      "id": 117,
      "method": "GET",
      "url": "/api/blog"
    }
    [35mres[39m: {
      "statusCode": 304
    }
    [35mresponseTime[39m: 2300
[08:07:26.273] [32mINFO[39m (14088): [36mrequest errored[39m
    [35mreq[39m: {
      "id": 118,
      "method": "GET",
      "url": "/api/team"
    }
    [35mres[39m: {
      "statusCode": 500
    }
    [35mresponseTime[39m: 11105
    err: {
      "type": "Error",
      "message": "failed with status code 500",
      "stack":
          Error: failed with status code 500
              at onResFinished (C:\Users\user\Downloads\African-Vision-Design-main (2)\African-Vision-Design-main\node_modules\.pnpm\pino-http@10.5.0\node_modules\pino-http\logger.js:115:39)
              at ServerResponse.onResponseComplete (C:\Users\user\Downloads\African-Vision-Design-main (2)\African-Vision-Design-main\node_modules\.pnpm\pino-http@10.5.0\node_modules\pino-http\logger.js:178:14)
              at ServerResponse.emit (node:events:520:35)
              at onFinish (node:_http_outgoing:1026:10)
              at callback (node:internal/streams/writable:764:21)
              at afterWrite (node:internal/streams/writable:708:5)
              at afterWriteTick (node:internal/streams/writable:694:10)
              at process.processTicksAndRejections (node:internal/process/task_queues:88:21)
    }
[08:07:30.103] [32mINFO[39m (14088): [36mrequest completed[39m
    [35mreq[39m: {
      "id": 119,
      "method": "GET",
      "url": "/api/team"
    }
    [35mres[39m: {
      "statusCode": 200
    }
    [35mresponseTime[39m: 2765
[08:08:04.392] [32mINFO[39m (14088): [36mrequest completed[39m
    [35mreq[39m: {
      "id": 120,
      "method": "GET",
      "url": "/api/impact/roadmap"
    }
    [35mres[39m: {
      "statusCode": 200
    }
    [35mresponseTime[39m: 7
[08:09:24.790] [32mINFO[39m (14088): [36mrequest completed[39m
    [35mreq[39m: {
      "id": 121,
      "method": "GET",
      "url": "/api/partners"
    }
    [35mres[39m: {
      "statusCode": 304
    }
    [35mresponseTime[39m: 1874
[08:13:15.906] [32mINFO[39m (14088): [36mrequest completed[39m
    [35mreq[39m: {
      "id": 122,
      "method": "GET",
      "url": "/api/events"
    }
    [35mres[39m: {
      "statusCode": 304
    }
    [35mresponseTime[39m: 1785
[08:13:15.917] [32mINFO[39m (14088): [36mrequest completed[39m
    [35mreq[39m: {
      "id": 123,
      "method": "GET",
      "url": "/api/blog"
    }
    [35mres[39m: {
      "statusCode": 304
    }
    [35mresponseTime[39m: 1789
[08:14:36.904] [32mINFO[39m (14088): [36mrequest completed[39m
    [35mreq[39m: {
      "id": 124,
      "method": "GET",
      "url": "/api/projects"
    }
    [35mres[39m: {
      "statusCode": 304
    }
    [35mresponseTime[39m: 3386
[08:14:36.908] [32mINFO[39m (14088): [36mrequest completed[39m
    [35mreq[39m: {
      "id": 125,
      "method": "GET",
      "url": "/api/donations/summary"
    }
    [35mres[39m: {
      "statusCode": 304
    }
    [35mresponseTime[39m: 3388
[08:14:43.355] [32mINFO[39m (14088): [36mrequest completed[39m
    [35mreq[39m: {
      "id": 126,
      "method": "GET",
      "url": "/api/donations/summary"
    }
    [35mres[39m: {
      "statusCode": 304
    }
    [35mresponseTime[39m: 229
[08:14:49.704] [32mINFO[39m (14088): [36mrequest completed[39m
    [35mreq[39m: {
      "id": 127,
      "method": "GET",
      "url": "/api/donations/summary"
    }
    [35mres[39m: {
      "statusCode": 304
    }
    [35mresponseTime[39m: 289
[08:14:56.052] [32mINFO[39m (14088): [36mrequest completed[39m
    [35mreq[39m: {
      "id": 128,
      "method": "GET",
      "url": "/api/donations/summary"
    }
    [35mres[39m: {
      "statusCode": 304
    }
    [35mresponseTime[39m: 314
[08:15:00.672] [32mINFO[39m (14088): [36mrequest completed[39m
    [35mreq[39m: {
      "id": 129,
      "method": "POST",
      "url": "/api/donations/checkout"
    }
    [35mres[39m: {
      "statusCode": 200
    }
    [35mresponseTime[39m: 1201
[08:15:45.512] [32mINFO[39m (14088): [36mrequest completed[39m
    [35mreq[39m: {
      "id": 130,
      "method": "GET",
      "url": "/api/projects"
    }
    [35mres[39m: {
      "statusCode": 304
    }
    [35mresponseTime[39m: 2006
[08:15:45.521] [32mINFO[39m (14088): [36mrequest completed[39m
    [35mreq[39m: {
      "id": 131,
      "method": "GET",
      "url": "/api/donations/summary"
    }
    [35mres[39m: {
      "statusCode": 304
    }
    [35mresponseTime[39m: 2013
[08:15:51.765] [32mINFO[39m (14088): [36mrequest completed[39m
    [35mreq[39m: {
      "id": 132,
      "method": "GET",
      "url": "/api/donations/summary"
    }
    [35mres[39m: {
      "statusCode": 304
    }
    [35mresponseTime[39m: 193
[08:15:57.983] [32mINFO[39m (14088): [36mrequest completed[39m
    [35mreq[39m: {
      "id": 133,
      "method": "GET",
      "url": "/api/donations/summary"
    }
    [35mres[39m: {
      "statusCode": 304
    }
    [35mresponseTime[39m: 200
[08:16:04.199] [32mINFO[39m (14088): [36mrequest completed[39m
    [35mreq[39m: {
      "id": 134,
      "method": "GET",
      "url": "/api/donations/summary"
    }
    [35mres[39m: {
      "statusCode": 304
    }
    [35mresponseTime[39m: 198
[08:16:10.404] [32mINFO[39m (14088): [36mrequest completed[39m
    [35mreq[39m: {
      "id": 135,
      "method": "GET",
      "url": "/api/donations/summary"
    }
    [35mres[39m: {
      "statusCode": 304
    }
    [35mresponseTime[39m: 176
[08:16:16.632] [32mINFO[39m (14088): [36mrequest completed[39m
    [35mreq[39m: {
      "id": 136,
      "method": "GET",
      "url": "/api/donations/summary"
    }
    [35mres[39m: {
      "statusCode": 304
    }
    [35mresponseTime[39m: 194
[08:16:22.886] [32mINFO[39m (14088): [36mrequest completed[39m
    [35mreq[39m: {
      "id": 137,
      "method": "GET",
      "url": "/api/donations/summary"
    }
    [35mres[39m: {
      "statusCode": 304
    }
    [35mresponseTime[39m: 222
[08:16:29.235] [32mINFO[39m (14088): [36mrequest completed[39m
    [35mreq[39m: {
      "id": 138,
      "method": "GET",
      "url": "/api/donations/summary"
    }
    [35mres[39m: {
      "statusCode": 304
    }
    [35mresponseTime[39m: 308
[08:16:35.483] [32mINFO[39m (14088): [36mrequest completed[39m
    [35mreq[39m: {
      "id": 139,
      "method": "GET",
      "url": "/api/donations/summary"
    }
    [35mres[39m: {
      "statusCode": 304
    }
    [35mresponseTime[39m: 212
[08:16:41.727] [32mINFO[39m (14088): [36mrequest completed[39m
    [35mreq[39m: {
      "id": 140,
      "method": "GET",
      "url": "/api/donations/summary"
    }
    [35mres[39m: {
      "statusCode": 304
    }
    [35mresponseTime[39m: 217
[08:16:47.972] [32mINFO[39m (14088): [36mrequest completed[39m
    [35mreq[39m: {
      "id": 141,
      "method": "GET",
      "url": "/api/donations/summary"
    }
    [35mres[39m: {
      "statusCode": 304
    }
    [35mresponseTime[39m: 219
[08:16:54.220] [32mINFO[39m (14088): [36mrequest completed[39m
    [35mreq[39m: {
      "id": 142,
      "method": "GET",
      "url": "/api/donations/summary"
    }
    [35mres[39m: {
      "statusCode": 304
    }
    [35mresponseTime[39m: 231
[08:17:00.440] [32mINFO[39m (14088): [36mrequest completed[39m
    [35mreq[39m: {
      "id": 143,
      "method": "GET",
      "url": "/api/donations/summary"
    }
    [35mres[39m: {
      "statusCode": 304
    }
    [35mresponseTime[39m: 197
[08:17:06.713] [32mINFO[39m (14088): [36mrequest completed[39m
    [35mreq[39m: {
      "id": 144,
      "method": "GET",
      "url": "/api/donations/summary"
    }
    [35mres[39m: {
      "statusCode": 304
    }
    [35mresponseTime[39m: 238
[08:17:12.951] [32mINFO[39m (14088): [36mrequest completed[39m
    [35mreq[39m: {
      "id": 145,
      "method": "GET",
      "url": "/api/donations/summary"
    }
    [35mres[39m: {
      "statusCode": 304
    }
    [35mresponseTime[39m: 197
[08:17:19.206] [32mINFO[39m (14088): [36mrequest completed[39m
    [35mreq[39m: {
      "id": 146,
      "method": "GET",
      "url": "/api/donations/summary"
    }
    [35mres[39m: {
      "statusCode": 304
    }
    [35mresponseTime[39m: 238
[08:17:25.452] [32mINFO[39m (14088): [36mrequest completed[39m
    [35mreq[39m: {
      "id": 147,
      "method": "GET",
      "url": "/api/donations/summary"
    }
    [35mres[39m: {
      "statusCode": 304
    }
    [35mresponseTime[39m: 230
[08:17:31.703] [32mINFO[39m (14088): [36mrequest completed[39m
    [35mreq[39m: {
      "id": 148,
      "method": "GET",
      "url": "/api/donations/summary"
    }
    [35mres[39m: {
      "statusCode": 304
    }
    [35mresponseTime[39m: 221
[08:17:37.944] [32mINFO[39m (14088): [36mrequest completed[39m
    [35mreq[39m: {
      "id": 149,
      "method": "GET",
      "url": "/api/donations/summary"
    }
    [35mres[39m: {
      "statusCode": 304
    }
    [35mresponseTime[39m: 210
[08:17:43.481] [32mINFO[39m (14088): [36mrequest completed[39m
    [35mreq[39m: {
      "id": 153,
      "method": "GET",
      "url": "/api/partners"
    }
    [35mres[39m: {
      "statusCode": 304
    }
    [35mresponseTime[39m: 2470
[08:17:43.484] [32mINFO[39m (14088): [36mrequest completed[39m
    [35mreq[39m: {
      "id": 154,
      "method": "GET",
      "url": "/api/projects"
    }
    [35mres[39m: {
      "statusCode": 304
    }
    [35mresponseTime[39m: 2470
[08:17:43.486] [32mINFO[39m (14088): [36mrequest completed[39m
    [35mreq[39m: {
      "id": 152,
      "method": "GET",
      "url": "/api/events/recent"
    }
    [35mres[39m: {
      "statusCode": 304
    }
    [35mresponseTime[39m: 2477
[08:17:43.489] [32mINFO[39m (14088): [36mrequest completed[39m
    [35mreq[39m: {
      "id": 151,
      "method": "GET",
      "url": "/api/donations/summary"
    }
    [35mres[39m: {
      "statusCode": 304
    }
    [35mresponseTime[39m: 2484
[08:17:44.192] [32mINFO[39m (14088): [36mrequest completed[39m
    [35mreq[39m: {
      "id": 150,
      "method": "GET",
      "url": "/api/impact"
    }
    [35mres[39m: {
      "statusCode": 304
    }
    [35mresponseTime[39m: 3194
[08:17:50.476] [32mINFO[39m (14088): [36mrequest completed[39m
    [35mreq[39m: {
      "id": 155,
      "method": "GET",
      "url": "/api/donations/summary"
    }
    [35mres[39m: {
      "statusCode": 304
    }
    [35mresponseTime[39m: 739
[08:17:56.786] [32mINFO[39m (14088): [36mrequest completed[39m
    [35mreq[39m: {
      "id": 156,
      "method": "GET",
      "url": "/api/donations/summary"
    }
    [35mres[39m: {
      "statusCode": 304
    }
    [35mresponseTime[39m: 290
[08:18:03.033] [32mINFO[39m (14088): [36mrequest completed[39m
    [35mreq[39m: {
      "id": 157,
      "method": "GET",
      "url": "/api/donations/summary"
    }
    [35mres[39m: {
      "statusCode": 304
    }
    [35mresponseTime[39m: 223
[08:18:09.279] [32mINFO[39m (14088): [36mrequest completed[39m
    [35mreq[39m: {
      "id": 158,
      "method": "GET",
      "url": "/api/donations/summary"
    }
    [35mres[39m: {
      "statusCode": 304
    }
    [35mresponseTime[39m: 226
[08:18:15.527] [32mINFO[39m (14088): [36mrequest completed[39m
    [35mreq[39m: {
      "id": 159,
      "method": "GET",
      "url": "/api/donations/summary"
    }
    [35mres[39m: {
      "statusCode": 304
    }
    [35mresponseTime[39m: 227
[08:18:21.874] [32mINFO[39m (14088): [36mrequest completed[39m
    [35mreq[39m: {
      "id": 160,
      "method": "GET",
      "url": "/api/donations/summary"
    }
    [35mres[39m: {
      "statusCode": 304
    }
    [35mresponseTime[39m: 242
[08:19:33.554] [32mINFO[39m (14088): [36mrequest completed[39m
    [35mreq[39m: {
      "id": 162,
      "method": "GET",
      "url": "/api/blog"
    }
    [35mres[39m: {
      "statusCode": 304
    }
    [35mresponseTime[39m: 1969
[08:19:33.556] [32mINFO[39m (14088): [36mrequest completed[39m
    [35mreq[39m: {
      "id": 161,
      "method": "GET",
      "url": "/api/events"
    }
    [35mres[39m: {
      "statusCode": 304
    }
    [35mresponseTime[39m: 1976
[09:18:07.986] [32mINFO[39m (14088): [36mrequest completed[39m
    [35mreq[39m: {
      "id": 164,
      "method": "GET",
      "url": "/api/blog"
    }
    [35mres[39m: {
      "statusCode": 304
    }
    [35mresponseTime[39m: 2515
[09:18:08.026] [32mINFO[39m (14088): [36mrequest completed[39m
    [35mreq[39m: {
      "id": 163,
      "method": "GET",
      "url": "/api/events"
    }
    [35mres[39m: {
      "statusCode": 304
    }
    [35mresponseTime[39m: 2575
[09:18:12.402] [32mINFO[39m (14088): [36mrequest completed[39m
    [35mreq[39m: {
      "id": 165,
      "method": "GET",
      "url": "/api/events"
    }
    [35mres[39m: {
      "statusCode": 304
    }
    [35mresponseTime[39m: 456
[09:18:12.405] [32mINFO[39m (14088): [36mrequest completed[39m
    [35mreq[39m: {
      "id": 166,
      "method": "GET",
      "url": "/api/blog"
    }
    [35mres[39m: {
      "statusCode": 304
    }
    [35mresponseTime[39m: 452
[10:26:40.215] [32mINFO[39m (14088): [36mrequest completed[39m
    [35mreq[39m: {
      "id": 167,
      "method": "GET",
      "url": "/api/events"
    }
    [35mres[39m: {
      "statusCode": 304
    }
    [35mresponseTime[39m: 8748
[10:26:40.217] [32mINFO[39m (14088): [36mrequest completed[39m
    [35mreq[39m: {
      "id": 168,
      "method": "GET",
      "url": "/api/blog"
    }
    [35mres[39m: {
      "statusCode": 304
    }
    [35mresponseTime[39m: 8746
[10:26:40.733] [32mINFO[39m (14088): [36mrequest completed[39m
    [35mreq[39m: {
      "id": 170,
      "method": "GET",
      "url": "/api/blog"
    }
    [35mres[39m: {
      "statusCode": 304
    }
    [35mresponseTime[39m: 506
[10:26:40.736] [32mINFO[39m (14088): [36mrequest completed[39m
    [35mreq[39m: {
      "id": 169,
      "method": "GET",
      "url": "/api/events"
    }
    [35mres[39m: {
      "statusCode": 304
    }
    [35mresponseTime[39m: 514
